<?xml version="1.0" encoding="UTF-8"?>
<!-- Generated by org.testng.reporters.JUnitReportReporter -->
<testsuite hostname="DESKTOP-QAFE254" failures="0" tests="1" name="Scripts.Test2" time="0.011" errors="0" timestamp="2022-10-12T14:41:37 IST" skipped="0">
  <testcase classname="Scripts.Test2" name="tc1" time="0.011"/>
  <system-out>
    <![CDATA[hello Python]]>
  </system-out>
</testsuite> <!-- Scripts.Test2 -->
