<?xml version="1.0" encoding="UTF-8"?>
<!-- Generated by org.testng.reporters.JUnitReportReporter -->
<testsuite hostname="DESKTOP-QAFE254" failures="0" tests="1" name="Scripts.Test0" time="0.003" errors="0" timestamp="2022-10-12T14:41:37 IST" skipped="0">
  <testcase classname="Scripts.Test0" name="tc1" time="0.003"/>
  <system-out>
    <![CDATA[hello]]>
  </system-out>
</testsuite> <!-- Scripts.Test0 -->
